<?xml version="1.0" encoding="UTF-8" ?>
<testsuite errors="0" failures="0" hostname="ubuntu" name="calc.sample.CalcTest" tests="17" time="0.069" timestamp="2013-02-06T15:33:46">
  <properties>
[...]
</properties>
  <testcase classname="calc.sample.CalcTest" name="it_adds_two_integers" time="0.005" />
  <testcase classname="calc.sample.CalcTest" name="it_subtracts_two_integers" time="0.0" />
  <testcase classname="calc.sample.CalcTest" name="it_multiplies_two_integers" time="0.0" />
  <testcase classname="calc.sample.CalcTest" name="it_divides_one_integer_by_another" time="0.002" />
  <testcase classname="calc.sample.CalcTest" name="it_finds_the_modulus_of_an_integer" time="0.001" />
  <testcase classname="calc.sample.CalcTest" name="it_finds_the_exponent_of_an_integer" time="0.0" />
  <testcase classname="calc.sample.CalcTest" name="it_adds_two_real_numbers" time="0.001" />
  <testcase classname="calc.sample.CalcTest" name="it_subtracts_two_real_numbers" time="0.0" />
  <testcase classname="calc.sample.CalcTest" name="it_multiplies_two_real_numbers" time="0.0" />
  <testcase classname="calc.sample.CalcTest" name="it_divides_one_real_number_by_another" time="0.001" />
  <testcase classname="calc.sample.CalcTest" name="it_finds_the_exponent_of_real_number" time="0.0" />
  <testcase classname="calc.sample.CalcTest" name="it_clears_its_memory_when_requested" time="0.0" />
  <testcase classname="calc.sample.CalcTest" name="it_reports_wrong_number_of_arguments_when_fewer_than_2_values_are_entered" time="0.0" />
  <testcase classname="calc.sample.CalcTest" name="it_reports_wrong_number_of_arguments_when_more_than_2_values_are_entered" time="0.001" />
  <testcase classname="calc.sample.CalcTest" name="it_ignores_null_entries" time="0.0" />
  <testcase classname="calc.sample.CalcTest" name="it_ignores_empty_entries" time="0.001" />
  <testcase classname="calc.sample.CalcTest" name="it_displays_welcome_message_when_it_starts_and_goodbye_when_it_ends" time="0.0" />
  <system-out><![CDATA[]]></system-out>
  <system-err><![CDATA[]]></system-err>
</testsuite>
