<?xml version="1.0" encoding="UTF-8" ?>
<testsuite failures="0" time="0.528" errors="12" skipped="30" tests="42" name="helloworld.cucumber.RunTest">
  <properties>
[...]
</properties>
  <testcase time="0.004" classname="Scenario: Hello World hard-coded" name="Given I am on the Greetings page">
    <error message="The path to the driver executable must be set by the webdriver.chrome.driver system property; for more information, see http://code.google.com/p/selenium/wiki/ChromeDriver. The latest version can be downloaded from http://code.google.com/p/chromedriver/downloads/list" type="java.lang.IllegalStateException">java.lang.IllegalStateException: The path to the driver executable must be set by the webdriver.chrome.driver system property; for more information, see http://code.google.com/p/selenium/wiki/ChromeDriver. The latest version can be downloaded from http://code.google.com/p/chromedriver/downloads/list
	at com.google.common.base.Preconditions.checkState(Preconditions.java:176)
	at org.openqa.selenium.remote.service.DriverService.findExecutable(DriverService.java:105)
	at org.openqa.selenium.chrome.ChromeDriverService.createDefaultService(ChromeDriverService.java:69)
	at org.openqa.selenium.chrome.ChromeDriver.&lt;init&gt;(ChromeDriver.java:107)
	at com.neopragma.java.pageobject.SeleniumWebDriver.startWebDriver(SeleniumWebDriver.java:74)
	at com.neopragma.java.pageobject.SeleniumWebDriver.webDriver(SeleniumWebDriver.java:50)
	at com.neopragma.java.pageobject.Page.webDriver(Page.java:50)
	at com.neopragma.java.pageobject.Page.navigateTo(Page.java:152)
	at com.neopragma.java.pageobject.Page.navigateTo(Page.java:144)
	at helloworld.cucumber.HelloWorldStepdefs.on_the_greetings_page(HelloWorldStepdefs.java:28)
	at ✽.Given I am on the Greetings page(helloworld/cucumber/helloworld.feature:8)
</error>
  </testcase>
  <testcase time="0.007" classname="Scenario: Hello World hard-coded" name="Scenario: Hello World hard-coded">
    <error message="The path to the driver executable must be set by the webdriver.chrome.driver system property; for more information, see http://code.google.com/p/selenium/wiki/ChromeDriver. The latest version can be downloaded from http://code.google.com/p/chromedriver/downloads/list" type="java.lang.IllegalStateException">java.lang.IllegalStateException: The path to the driver executable must be set by the webdriver.chrome.driver system property; for more information, see http://code.google.com/p/selenium/wiki/ChromeDriver. The latest version can be downloaded from http://code.google.com/p/chromedriver/downloads/list
	at com.google.common.base.Preconditions.checkState(Preconditions.java:176)
	at org.openqa.selenium.remote.service.DriverService.findExecutable(DriverService.java:105)
	at org.openqa.selenium.chrome.ChromeDriverService.createDefaultService(ChromeDriverService.java:69)
	at org.openqa.selenium.chrome.ChromeDriver.&lt;init&gt;(ChromeDriver.java:107)
	at com.neopragma.java.pageobject.SeleniumWebDriver.startWebDriver(SeleniumWebDriver.java:74)
	at com.neopragma.java.pageobject.SeleniumWebDriver.webDriver(SeleniumWebDriver.java:50)
	at com.neopragma.java.pageobject.Page.webDriver(Page.java:50)
	at com.neopragma.java.pageobject.Page.navigateTo(Page.java:152)
	at com.neopragma.java.pageobject.Page.navigateTo(Page.java:144)
	at helloworld.cucumber.HelloWorldStepdefs.on_the_greetings_page(HelloWorldStepdefs.java:28)
	at ✽.Given I am on the Greetings page(helloworld/cucumber/helloworld.feature:8)
</error>
  </testcase>
  <testcase time="0.012" classname="Scenario: Hello World hard-coded" name="And the language is English">
    <skipped/>
  </testcase>
  <testcase time="0.012" classname="Scenario: Hello World hard-coded" name="When I ask it to say hello">
    <skipped/>
  </testcase>
  <testcase time="0.013" classname="Scenario: Hello World hard-coded" name="Then the greeting is Hello\u002C World">
    <skipped/>
  </testcase>
  <testcase time="0.014" classname="Scenario: Hello World hard-coded" name="Given I am on the Greetings page">
    <skipped/>
  </testcase>
  <testcase time="0.014" classname="Scenario: Hello World hard-coded" name="And the language is Spanish">
    <skipped/>
  </testcase>
  <testcase time="0.015" classname="Scenario: Hello World hard-coded" name="When I ask it to say hello">
    <skipped/>
  </testcase>
  <testcase time="0.017" classname="Scenario: Hello World hard-coded" name="Then the greeting is Hola\u002C Mundo">
    <skipped/>
  </testcase>
  <testcase time="0.018" classname="Scenario: Hello World hard-coded" name="Given I am on the Greetings page">
    <skipped/>
  </testcase>
  <testcase time="0.019" classname="Scenario: Hello World hard-coded" name="And the language is Russian">
    <skipped/>
  </testcase>
  <testcase time="0.019" classname="Scenario: Hello World hard-coded" name="When I ask it to say hello">
    <skipped/>
  </testcase>
  <testcase time="0.02" classname="Scenario: Hello World hard-coded" name="Then the greeting is \u043F\u0440\u0438\u0432\u0435\u0442\u002C \u043C\u0438\u0440">
    <skipped/>
  </testcase>
  <testcase time="0.02" classname="Scenario: Hello World hard-coded" name="Given I am on the Greetings page">
    <skipped/>
  </testcase>
  <testcase time="0.021" classname="Scenario: Hello World hard-coded" name="And the language is Japanese">
    <skipped/>
  </testcase>
  <testcase time="0.022" classname="Scenario: Hello World hard-coded" name="When I ask it to say hello">
    <skipped/>
  </testcase>
  <testcase time="0.022" classname="Scenario: Hello World hard-coded" name="Then the greeting is \u3053\u3093\u306B\u3061\u306F\u4E16\u754C">
    <skipped/>
  </testcase>
  <testcase time="0" classname="| English | Hello\u002C World |" name="Given I am on the Greetings page">
    <error message="The path to the driver executable must be set by the webdriver.chrome.driver system property; for more information, see http://code.google.com/p/selenium/wiki/ChromeDriver. The latest version can be downloaded from http://code.google.com/p/chromedriver/downloads/list" type="java.lang.IllegalStateException">java.lang.IllegalStateException: The path to the driver executable must be set by the webdriver.chrome.driver system property; for more information, see http://code.google.com/p/selenium/wiki/ChromeDriver. The latest version can be downloaded from http://code.google.com/p/chromedriver/downloads/list
	at com.google.common.base.Preconditions.checkState(Preconditions.java:176)
	at org.openqa.selenium.remote.service.DriverService.findExecutable(DriverService.java:105)
	at org.openqa.selenium.chrome.ChromeDriverService.createDefaultService(ChromeDriverService.java:69)
	at org.openqa.selenium.chrome.ChromeDriver.&lt;init&gt;(ChromeDriver.java:107)
	at com.neopragma.java.pageobject.SeleniumWebDriver.startWebDriver(SeleniumWebDriver.java:74)
	at com.neopragma.java.pageobject.SeleniumWebDriver.webDriver(SeleniumWebDriver.java:50)
	at com.neopragma.java.pageobject.Page.webDriver(Page.java:50)
	at com.neopragma.java.pageobject.Page.navigateTo(Page.java:152)
	at com.neopragma.java.pageobject.Page.navigateTo(Page.java:144)
	at helloworld.cucumber.HelloWorldStepdefs.on_the_greetings_page(HelloWorldStepdefs.java:28)
	at ✽.Given I am on the Greetings page(helloworld/cucumber/helloworld.feature:30)
</error>
  </testcase>
  <testcase time="0" classname="| English | Hello\u002C World |" name="| English | Hello\u002C World |">
    <error message="The path to the driver executable must be set by the webdriver.chrome.driver system property; for more information, see http://code.google.com/p/selenium/wiki/ChromeDriver. The latest version can be downloaded from http://code.google.com/p/chromedriver/downloads/list" type="java.lang.IllegalStateException">java.lang.IllegalStateException: The path to the driver executable must be set by the webdriver.chrome.driver system property; for more information, see http://code.google.com/p/selenium/wiki/ChromeDriver. The latest version can be downloaded from http://code.google.com/p/chromedriver/downloads/list
	at com.google.common.base.Preconditions.checkState(Preconditions.java:176)
	at org.openqa.selenium.remote.service.DriverService.findExecutable(DriverService.java:105)
	at org.openqa.selenium.chrome.ChromeDriverService.createDefaultService(ChromeDriverService.java:69)
	at org.openqa.selenium.chrome.ChromeDriver.&lt;init&gt;(ChromeDriver.java:107)
	at com.neopragma.java.pageobject.SeleniumWebDriver.startWebDriver(SeleniumWebDriver.java:74)
	at com.neopragma.java.pageobject.SeleniumWebDriver.webDriver(SeleniumWebDriver.java:50)
	at com.neopragma.java.pageobject.Page.webDriver(Page.java:50)
	at com.neopragma.java.pageobject.Page.navigateTo(Page.java:152)
	at com.neopragma.java.pageobject.Page.navigateTo(Page.java:144)
	at helloworld.cucumber.HelloWorldStepdefs.on_the_greetings_page(HelloWorldStepdefs.java:28)
	at ✽.Given I am on the Greetings page(helloworld/cucumber/helloworld.feature:30)
</error>
  </testcase>
  <testcase time="0.035" classname="| English | Hello\u002C World |" name="And the language is English">
    <skipped/>
  </testcase>
  <testcase time="0.036" classname="| English | Hello\u002C World |" name="When I ask it to say hello">
    <skipped/>
  </testcase>
  <testcase time="0.037" classname="| English | Hello\u002C World |" name="Then the greeting is Hello\u002C World">
    <skipped/>
  </testcase>
  <testcase time="0" classname="| Spanish | Hola\u002C Mundo |" name="Given I am on the Greetings page">
    <error message="The path to the driver executable must be set by the webdriver.chrome.driver system property; for more information, see http://code.google.com/p/selenium/wiki/ChromeDriver. The latest version can be downloaded from http://code.google.com/p/chromedriver/downloads/list" type="java.lang.IllegalStateException">java.lang.IllegalStateException: The path to the driver executable must be set by the webdriver.chrome.driver system property; for more information, see http://code.google.com/p/selenium/wiki/ChromeDriver. The latest version can be downloaded from http://code.google.com/p/chromedriver/downloads/list
	at com.google.common.base.Preconditions.checkState(Preconditions.java:176)
	at org.openqa.selenium.remote.service.DriverService.findExecutable(DriverService.java:105)
	at org.openqa.selenium.chrome.ChromeDriverService.createDefaultService(ChromeDriverService.java:69)
	at org.openqa.selenium.chrome.ChromeDriver.&lt;init&gt;(ChromeDriver.java:107)
	at com.neopragma.java.pageobject.SeleniumWebDriver.startWebDriver(SeleniumWebDriver.java:74)
	at com.neopragma.java.pageobject.SeleniumWebDriver.webDriver(SeleniumWebDriver.java:50)
	at com.neopragma.java.pageobject.Page.webDriver(Page.java:50)
	at com.neopragma.java.pageobject.Page.navigateTo(Page.java:152)
	at com.neopragma.java.pageobject.Page.navigateTo(Page.java:144)
	at helloworld.cucumber.HelloWorldStepdefs.on_the_greetings_page(HelloWorldStepdefs.java:28)
	at ✽.Given I am on the Greetings page(helloworld/cucumber/helloworld.feature:30)
</error>
  </testcase>
  <testcase time="0" classname="| Spanish | Hola\u002C Mundo |" name="| Spanish | Hola\u002C Mundo |">
    <error message="The path to the driver executable must be set by the webdriver.chrome.driver system property; for more information, see http://code.google.com/p/selenium/wiki/ChromeDriver. The latest version can be downloaded from http://code.google.com/p/chromedriver/downloads/list" type="java.lang.IllegalStateException">java.lang.IllegalStateException: The path to the driver executable must be set by the webdriver.chrome.driver system property; for more information, see http://code.google.com/p/selenium/wiki/ChromeDriver. The latest version can be downloaded from http://code.google.com/p/chromedriver/downloads/list
	at com.google.common.base.Preconditions.checkState(Preconditions.java:176)
	at org.openqa.selenium.remote.service.DriverService.findExecutable(DriverService.java:105)
	at org.openqa.selenium.chrome.ChromeDriverService.createDefaultService(ChromeDriverService.java:69)
	at org.openqa.selenium.chrome.ChromeDriver.&lt;init&gt;(ChromeDriver.java:107)
	at com.neopragma.java.pageobject.SeleniumWebDriver.startWebDriver(SeleniumWebDriver.java:74)
	at com.neopragma.java.pageobject.SeleniumWebDriver.webDriver(SeleniumWebDriver.java:50)
	at com.neopragma.java.pageobject.Page.webDriver(Page.java:50)
	at com.neopragma.java.pageobject.Page.navigateTo(Page.java:152)
	at com.neopragma.java.pageobject.Page.navigateTo(Page.java:144)
	at helloworld.cucumber.HelloWorldStepdefs.on_the_greetings_page(HelloWorldStepdefs.java:28)
	at ✽.Given I am on the Greetings page(helloworld/cucumber/helloworld.feature:30)
</error>
  </testcase>
  <testcase time="0.016" classname="| Spanish | Hola\u002C Mundo |" name="And the language is Spanish">
    <skipped/>
  </testcase>
  <testcase time="0.017" classname="| Spanish | Hola\u002C Mundo |" name="When I ask it to say hello">
    <skipped/>
  </testcase>
  <testcase time="0.018" classname="| Spanish | Hola\u002C Mundo |" name="Then the greeting is Hola\u002C Mundo">
    <skipped/>
  </testcase>
  <testcase time="0" classname="| this one | will fail |" name="Given I am on the Greetings page">
    <error message="The path to the driver executable must be set by the webdriver.chrome.driver system property; for more information, see http://code.google.com/p/selenium/wiki/ChromeDriver. The latest version can be downloaded from http://code.google.com/p/chromedriver/downloads/list" type="java.lang.IllegalStateException">java.lang.IllegalStateException: The path to the driver executable must be set by the webdriver.chrome.driver system property; for more information, see http://code.google.com/p/selenium/wiki/ChromeDriver. The latest version can be downloaded from http://code.google.com/p/chromedriver/downloads/list
	at com.google.common.base.Preconditions.checkState(Preconditions.java:176)
	at org.openqa.selenium.remote.service.DriverService.findExecutable(DriverService.java:105)
	at org.openqa.selenium.chrome.ChromeDriverService.createDefaultService(ChromeDriverService.java:69)
	at org.openqa.selenium.chrome.ChromeDriver.&lt;init&gt;(ChromeDriver.java:107)
	at com.neopragma.java.pageobject.SeleniumWebDriver.startWebDriver(SeleniumWebDriver.java:74)
	at com.neopragma.java.pageobject.SeleniumWebDriver.webDriver(SeleniumWebDriver.java:50)
	at com.neopragma.java.pageobject.Page.webDriver(Page.java:50)
	at com.neopragma.java.pageobject.Page.navigateTo(Page.java:152)
	at com.neopragma.java.pageobject.Page.navigateTo(Page.java:144)
	at helloworld.cucumber.HelloWorldStepdefs.on_the_greetings_page(HelloWorldStepdefs.java:28)
	at ✽.Given I am on the Greetings page(helloworld/cucumber/helloworld.feature:30)
</error>
  </testcase>
  <testcase time="0.001" classname="| this one | will fail |" name="| this one | will fail |">
    <error message="The path to the driver executable must be set by the webdriver.chrome.driver system property; for more information, see http://code.google.com/p/selenium/wiki/ChromeDriver. The latest version can be downloaded from http://code.google.com/p/chromedriver/downloads/list" type="java.lang.IllegalStateException">java.lang.IllegalStateException: The path to the driver executable must be set by the webdriver.chrome.driver system property; for more information, see http://code.google.com/p/selenium/wiki/ChromeDriver. The latest version can be downloaded from http://code.google.com/p/chromedriver/downloads/list
	at com.google.common.base.Preconditions.checkState(Preconditions.java:176)
	at org.openqa.selenium.remote.service.DriverService.findExecutable(DriverService.java:105)
	at org.openqa.selenium.chrome.ChromeDriverService.createDefaultService(ChromeDriverService.java:69)
	at org.openqa.selenium.chrome.ChromeDriver.&lt;init&gt;(ChromeDriver.java:107)
	at com.neopragma.java.pageobject.SeleniumWebDriver.startWebDriver(SeleniumWebDriver.java:74)
	at com.neopragma.java.pageobject.SeleniumWebDriver.webDriver(SeleniumWebDriver.java:50)
	at com.neopragma.java.pageobject.Page.webDriver(Page.java:50)
	at com.neopragma.java.pageobject.Page.navigateTo(Page.java:152)
	at com.neopragma.java.pageobject.Page.navigateTo(Page.java:144)
	at helloworld.cucumber.HelloWorldStepdefs.on_the_greetings_page(HelloWorldStepdefs.java:28)
	at ✽.Given I am on the Greetings page(helloworld/cucumber/helloworld.feature:30)
</error>
  </testcase>
  <testcase time="0.014" classname="| this one | will fail |" name="And the language is this one">
    <skipped/>
  </testcase>
  <testcase time="0.014" classname="| this one | will fail |" name="When I ask it to say hello">
    <skipped/>
  </testcase>
  <testcase time="0.014" classname="| this one | will fail |" name="Then the greeting is will fail">
    <skipped/>
  </testcase>
  <testcase time="0" classname="| Russian | \u043F\u0440\u0438\u0432\u0435\u0442\u002C \u043C\u0438\u0440 |" name="Given I am on the Greetings page">
    <error message="The path to the driver executable must be set by the webdriver.chrome.driver system property; for more information, see http://code.google.com/p/selenium/wiki/ChromeDriver. The latest version can be downloaded from http://code.google.com/p/chromedriver/downloads/list" type="java.lang.IllegalStateException">java.lang.IllegalStateException: The path to the driver executable must be set by the webdriver.chrome.driver system property; for more information, see http://code.google.com/p/selenium/wiki/ChromeDriver. The latest version can be downloaded from http://code.google.com/p/chromedriver/downloads/list
	at com.google.common.base.Preconditions.checkState(Preconditions.java:176)
	at org.openqa.selenium.remote.service.DriverService.findExecutable(DriverService.java:105)
	at org.openqa.selenium.chrome.ChromeDriverService.createDefaultService(ChromeDriverService.java:69)
	at org.openqa.selenium.chrome.ChromeDriver.&lt;init&gt;(ChromeDriver.java:107)
	at com.neopragma.java.pageobject.SeleniumWebDriver.startWebDriver(SeleniumWebDriver.java:74)
	at com.neopragma.java.pageobject.SeleniumWebDriver.webDriver(SeleniumWebDriver.java:50)
	at com.neopragma.java.pageobject.Page.webDriver(Page.java:50)
	at com.neopragma.java.pageobject.Page.navigateTo(Page.java:152)
	at com.neopragma.java.pageobject.Page.navigateTo(Page.java:144)
	at helloworld.cucumber.HelloWorldStepdefs.on_the_greetings_page(HelloWorldStepdefs.java:28)
	at ✽.Given I am on the Greetings page(helloworld/cucumber/helloworld.feature:30)
</error>
  </testcase>
  <testcase time="0" classname="| Russian | \u043F\u0440\u0438\u0432\u0435\u0442\u002C \u043C\u0438\u0440 |" name="| Russian | \u043F\u0440\u0438\u0432\u0435\u0442\u002C \u043C\u0438\u0440 |">
    <error message="The path to the driver executable must be set by the webdriver.chrome.driver system property; for more information, see http://code.google.com/p/selenium/wiki/ChromeDriver. The latest version can be downloaded from http://code.google.com/p/chromedriver/downloads/list" type="java.lang.IllegalStateException">java.lang.IllegalStateException: The path to the driver executable must be set by the webdriver.chrome.driver system property; for more information, see http://code.google.com/p/selenium/wiki/ChromeDriver. The latest version can be downloaded from http://code.google.com/p/chromedriver/downloads/list
	at com.google.common.base.Preconditions.checkState(Preconditions.java:176)
	at org.openqa.selenium.remote.service.DriverService.findExecutable(DriverService.java:105)
	at org.openqa.selenium.chrome.ChromeDriverService.createDefaultService(ChromeDriverService.java:69)
	at org.openqa.selenium.chrome.ChromeDriver.&lt;init&gt;(ChromeDriver.java:107)
	at com.neopragma.java.pageobject.SeleniumWebDriver.startWebDriver(SeleniumWebDriver.java:74)
	at com.neopragma.java.pageobject.SeleniumWebDriver.webDriver(SeleniumWebDriver.java:50)
	at com.neopragma.java.pageobject.Page.webDriver(Page.java:50)
	at com.neopragma.java.pageobject.Page.navigateTo(Page.java:152)
	at com.neopragma.java.pageobject.Page.navigateTo(Page.java:144)
	at helloworld.cucumber.HelloWorldStepdefs.on_the_greetings_page(HelloWorldStepdefs.java:28)
	at ✽.Given I am on the Greetings page(helloworld/cucumber/helloworld.feature:30)
</error>
  </testcase>
  <testcase time="0" classname="| Russian | \u043F\u0440\u0438\u0432\u0435\u0442\u002C \u043C\u0438\u0440 |" name="And the language is Russian">
    <skipped/>
  </testcase>
  <testcase time="0" classname="| Russian | \u043F\u0440\u0438\u0432\u0435\u0442\u002C \u043C\u0438\u0440 |" name="When I ask it to say hello">
    <skipped/>
  </testcase>
  <testcase time="0.008" classname="| Russian | \u043F\u0440\u0438\u0432\u0435\u0442\u002C \u043C\u0438\u0440 |" name="Then the greeting is \u043F\u0440\u0438\u0432\u0435\u0442\u002C \u043C\u0438\u0440">
    <skipped/>
  </testcase>
  <testcase time="0.001" classname="| Japanese | \u3053\u3093\u306B\u3061\u306F\u4E16\u754C |" name="Given I am on the Greetings page">
    <error message="The path to the driver executable must be set by the webdriver.chrome.driver system property; for more information, see http://code.google.com/p/selenium/wiki/ChromeDriver. The latest version can be downloaded from http://code.google.com/p/chromedriver/downloads/list" type="java.lang.IllegalStateException">java.lang.IllegalStateException: The path to the driver executable must be set by the webdriver.chrome.driver system property; for more information, see http://code.google.com/p/selenium/wiki/ChromeDriver. The latest version can be downloaded from http://code.google.com/p/chromedriver/downloads/list
	at com.google.common.base.Preconditions.checkState(Preconditions.java:176)
	at org.openqa.selenium.remote.service.DriverService.findExecutable(DriverService.java:105)
	at org.openqa.selenium.chrome.ChromeDriverService.createDefaultService(ChromeDriverService.java:69)
	at org.openqa.selenium.chrome.ChromeDriver.&lt;init&gt;(ChromeDriver.java:107)
	at com.neopragma.java.pageobject.SeleniumWebDriver.startWebDriver(SeleniumWebDriver.java:74)
	at com.neopragma.java.pageobject.SeleniumWebDriver.webDriver(SeleniumWebDriver.java:50)
	at com.neopragma.java.pageobject.Page.webDriver(Page.java:50)
	at com.neopragma.java.pageobject.Page.navigateTo(Page.java:152)
	at com.neopragma.java.pageobject.Page.navigateTo(Page.java:144)
	at helloworld.cucumber.HelloWorldStepdefs.on_the_greetings_page(HelloWorldStepdefs.java:28)
	at ✽.Given I am on the Greetings page(helloworld/cucumber/helloworld.feature:30)
</error>
  </testcase>
  <testcase time="0.001" classname="| Japanese | \u3053\u3093\u306B\u3061\u306F\u4E16\u754C |" name="| Japanese | \u3053\u3093\u306B\u3061\u306F\u4E16\u754C |">
    <error message="The path to the driver executable must be set by the webdriver.chrome.driver system property; for more information, see http://code.google.com/p/selenium/wiki/ChromeDriver. The latest version can be downloaded from http://code.google.com/p/chromedriver/downloads/list" type="java.lang.IllegalStateException">java.lang.IllegalStateException: The path to the driver executable must be set by the webdriver.chrome.driver system property; for more information, see http://code.google.com/p/selenium/wiki/ChromeDriver. The latest version can be downloaded from http://code.google.com/p/chromedriver/downloads/list
	at com.google.common.base.Preconditions.checkState(Preconditions.java:176)
	at org.openqa.selenium.remote.service.DriverService.findExecutable(DriverService.java:105)
	at org.openqa.selenium.chrome.ChromeDriverService.createDefaultService(ChromeDriverService.java:69)
	at org.openqa.selenium.chrome.ChromeDriver.&lt;init&gt;(ChromeDriver.java:107)
	at com.neopragma.java.pageobject.SeleniumWebDriver.startWebDriver(SeleniumWebDriver.java:74)
	at com.neopragma.java.pageobject.SeleniumWebDriver.webDriver(SeleniumWebDriver.java:50)
	at com.neopragma.java.pageobject.Page.webDriver(Page.java:50)
	at com.neopragma.java.pageobject.Page.navigateTo(Page.java:152)
	at com.neopragma.java.pageobject.Page.navigateTo(Page.java:144)
	at helloworld.cucumber.HelloWorldStepdefs.on_the_greetings_page(HelloWorldStepdefs.java:28)
	at ✽.Given I am on the Greetings page(helloworld/cucumber/helloworld.feature:30)
</error>
  </testcase>
  <testcase time="0.013" classname="| Japanese | \u3053\u3093\u306B\u3061\u306F\u4E16\u754C |" name="And the language is Japanese">
    <skipped/>
  </testcase>
  <testcase time="0.017" classname="| Japanese | \u3053\u3093\u306B\u3061\u306F\u4E16\u754C |" name="When I ask it to say hello">
    <skipped/>
  </testcase>
  <testcase time="0.017" classname="| Japanese | \u3053\u3093\u306B\u3061\u306F\u4E16\u754C |" name="Then the greeting is \u3053\u3093\u306B\u3061\u306F\u4E16\u754C">
    <skipped/>
  </testcase>
</testsuite>