<?xml version="1.0" encoding="UTF-8" ?>
<testsuite failures="18" time="0.012" errors="0" skipped="9" tests="57" name="calc.web.sample.cucumber.RunTest">
  <properties>
[...]
</properties>
  <testcase time="0.001" classname="Scenario: The welcome message is displayed" name="Given I am on the RPN Calculator page"/>
  <testcase time="0" classname="Scenario: The welcome message is displayed" name="Then the welcome message reads \&quot;Welcome to the Java RPN calculator\&quot;"/>
  <testcase time="0" classname="Scenario: The welcome message is displayed" name="Scenario: The welcome message is displayed"/>
  <testcase time="0" classname="Scenario: Adding two integers" name="Given I enter \&quot;5 3 +\&quot;"/>
  <testcase time="0" classname="Scenario: Adding two integers" name="When I get the result"/>
  <testcase time="0.003" classname="Scenario: Adding two integers" name="Then the calculator returns \&quot;8\&quot;">
    <failure message="expected:&lt;[8]&gt; but was:&lt;[call the rpncalculator here]&gt;" type="org.junit.ComparisonFailure">org.junit.ComparisonFailure: expected:&lt;[8]&gt; but was:&lt;[call the rpncalculator here]&gt;
	at org.junit.Assert.assertEquals(Assert.java:115)
	at org.junit.Assert.assertEquals(Assert.java:144)
	at calc.web.sample.cucumber.RpnCalculatorStepdefs.assert_returned_value(RpnCalculatorStepdefs.java:52)
	at ✽.Then the calculator returns &quot;8&quot;(calc/web/sample/cucumber/rpncalculator.feature:12)
</failure>
  </testcase>
  <testcase time="0.003" classname="Scenario: Adding two integers" name="Scenario: Adding two integers">
    <failure message="expected:&lt;[8]&gt; but was:&lt;[call the rpncalculator here]&gt;" type="org.junit.ComparisonFailure">org.junit.ComparisonFailure: expected:&lt;[8]&gt; but was:&lt;[call the rpncalculator here]&gt;
	at org.junit.Assert.assertEquals(Assert.java:115)
	at org.junit.Assert.assertEquals(Assert.java:144)
	at calc.web.sample.cucumber.RpnCalculatorStepdefs.assert_returned_value(RpnCalculatorStepdefs.java:52)
	at ✽.Then the calculator returns &quot;8&quot;(calc/web/sample/cucumber/rpncalculator.feature:12)
</failure>
  </testcase>
  <testcase time="0" classname="Scenario: Subtracting two integers" name="Given I enter \&quot;5 3 -\&quot;"/>
  <testcase time="0" classname="Scenario: Subtracting two integers" name="When I get the result"/>
  <testcase time="0" classname="Scenario: Subtracting two integers" name="Then the calculator returns \&quot;2\&quot;">
    <failure message="expected:&lt;[2]&gt; but was:&lt;[call the rpncalculator here]&gt;" type="org.junit.ComparisonFailure">org.junit.ComparisonFailure: expected:&lt;[2]&gt; but was:&lt;[call the rpncalculator here]&gt;
	at org.junit.Assert.assertEquals(Assert.java:115)
	at org.junit.Assert.assertEquals(Assert.java:144)
	at calc.web.sample.cucumber.RpnCalculatorStepdefs.assert_returned_value(RpnCalculatorStepdefs.java:52)
	at ✽.Then the calculator returns &quot;2&quot;(calc/web/sample/cucumber/rpncalculator.feature:18)
</failure>
  </testcase>
  <testcase time="0" classname="Scenario: Subtracting two integers" name="Scenario: Subtracting two integers">
    <failure message="expected:&lt;[2]&gt; but was:&lt;[call the rpncalculator here]&gt;" type="org.junit.ComparisonFailure">org.junit.ComparisonFailure: expected:&lt;[2]&gt; but was:&lt;[call the rpncalculator here]&gt;
	at org.junit.Assert.assertEquals(Assert.java:115)
	at org.junit.Assert.assertEquals(Assert.java:144)
	at calc.web.sample.cucumber.RpnCalculatorStepdefs.assert_returned_value(RpnCalculatorStepdefs.java:52)
	at ✽.Then the calculator returns &quot;2&quot;(calc/web/sample/cucumber/rpncalculator.feature:18)
</failure>
  </testcase>
  <testcase time="0" classname="Scenario: Multiplying two integers" name="Given I enter \&quot;5 3 *\&quot;"/>
  <testcase time="0" classname="Scenario: Multiplying two integers" name="When I get the result"/>
  <testcase time="0" classname="Scenario: Multiplying two integers" name="Then the calculator returns \&quot;15\&quot;">
    <failure message="expected:&lt;[15]&gt; but was:&lt;[call the rpncalculator here]&gt;" type="org.junit.ComparisonFailure">org.junit.ComparisonFailure: expected:&lt;[15]&gt; but was:&lt;[call the rpncalculator here]&gt;
	at org.junit.Assert.assertEquals(Assert.java:115)
	at org.junit.Assert.assertEquals(Assert.java:144)
	at calc.web.sample.cucumber.RpnCalculatorStepdefs.assert_returned_value(RpnCalculatorStepdefs.java:52)
	at ✽.Then the calculator returns &quot;15&quot;(calc/web/sample/cucumber/rpncalculator.feature:23)
</failure>
  </testcase>
  <testcase time="0" classname="Scenario: Multiplying two integers" name="Scenario: Multiplying two integers">
    <failure message="expected:&lt;[15]&gt; but was:&lt;[call the rpncalculator here]&gt;" type="org.junit.ComparisonFailure">org.junit.ComparisonFailure: expected:&lt;[15]&gt; but was:&lt;[call the rpncalculator here]&gt;
	at org.junit.Assert.assertEquals(Assert.java:115)
	at org.junit.Assert.assertEquals(Assert.java:144)
	at calc.web.sample.cucumber.RpnCalculatorStepdefs.assert_returned_value(RpnCalculatorStepdefs.java:52)
	at ✽.Then the calculator returns &quot;15&quot;(calc/web/sample/cucumber/rpncalculator.feature:23)
</failure>
  </testcase>
  <testcase time="0" classname="Scenario: Dividing two integers" name="Given I enter \&quot;54 13 \/\&quot;"/>
  <testcase time="0" classname="Scenario: Dividing two integers" name="When I get the result"/>
  <testcase time="0" classname="Scenario: Dividing two integers" name="Then the calculator returns \&quot;4\&quot; plus or minus \&quot;0.5\&quot;">
    <skipped/>
  </testcase>
  <testcase time="0" classname="Scenario: Dividing two integers" name="Scenario: Dividing two integers">
    <skipped/>
  </testcase>
  <testcase time="0" classname="Scenario: Dividing two integers" name="Scenario: Dividing two integers"/>
  <testcase time="0" classname="Scenario: Modulus" name="Given I enter \&quot;54 13 %\&quot;"/>
  <testcase time="0" classname="Scenario: Modulus" name="When I get the result"/>
  <testcase time="0" classname="Scenario: Modulus" name="Then the calculator returns \&quot;2\&quot;">
    <failure message="expected:&lt;[2]&gt; but was:&lt;[call the rpncalculator here]&gt;" type="org.junit.ComparisonFailure">org.junit.ComparisonFailure: expected:&lt;[2]&gt; but was:&lt;[call the rpncalculator here]&gt;
	at org.junit.Assert.assertEquals(Assert.java:115)
	at org.junit.Assert.assertEquals(Assert.java:144)
	at calc.web.sample.cucumber.RpnCalculatorStepdefs.assert_returned_value(RpnCalculatorStepdefs.java:52)
	at ✽.Then the calculator returns &quot;2&quot;(calc/web/sample/cucumber/rpncalculator.feature:33)
</failure>
  </testcase>
  <testcase time="0" classname="Scenario: Modulus" name="Scenario: Modulus">
    <failure message="expected:&lt;[2]&gt; but was:&lt;[call the rpncalculator here]&gt;" type="org.junit.ComparisonFailure">org.junit.ComparisonFailure: expected:&lt;[2]&gt; but was:&lt;[call the rpncalculator here]&gt;
	at org.junit.Assert.assertEquals(Assert.java:115)
	at org.junit.Assert.assertEquals(Assert.java:144)
	at calc.web.sample.cucumber.RpnCalculatorStepdefs.assert_returned_value(RpnCalculatorStepdefs.java:52)
	at ✽.Then the calculator returns &quot;2&quot;(calc/web/sample/cucumber/rpncalculator.feature:33)
</failure>
  </testcase>
  <testcase time="0" classname="Scenario: Exponentiation" name="Given I enter \&quot;4 3 ^\&quot;"/>
  <testcase time="0" classname="Scenario: Exponentiation" name="When I get the result"/>
  <testcase time="0" classname="Scenario: Exponentiation" name="Then the calculator returns \&quot;64\&quot;">
    <failure message="expected:&lt;[64]&gt; but was:&lt;[call the rpncalculator here]&gt;" type="org.junit.ComparisonFailure">org.junit.ComparisonFailure: expected:&lt;[64]&gt; but was:&lt;[call the rpncalculator here]&gt;
	at org.junit.Assert.assertEquals(Assert.java:115)
	at org.junit.Assert.assertEquals(Assert.java:144)
	at calc.web.sample.cucumber.RpnCalculatorStepdefs.assert_returned_value(RpnCalculatorStepdefs.java:52)
	at ✽.Then the calculator returns &quot;64&quot;(calc/web/sample/cucumber/rpncalculator.feature:38)
</failure>
  </testcase>
  <testcase time="0" classname="Scenario: Exponentiation" name="Scenario: Exponentiation">
    <failure message="expected:&lt;[64]&gt; but was:&lt;[call the rpncalculator here]&gt;" type="org.junit.ComparisonFailure">org.junit.ComparisonFailure: expected:&lt;[64]&gt; but was:&lt;[call the rpncalculator here]&gt;
	at org.junit.Assert.assertEquals(Assert.java:115)
	at org.junit.Assert.assertEquals(Assert.java:144)
	at calc.web.sample.cucumber.RpnCalculatorStepdefs.assert_returned_value(RpnCalculatorStepdefs.java:52)
	at ✽.Then the calculator returns &quot;64&quot;(calc/web/sample/cucumber/rpncalculator.feature:38)
</failure>
  </testcase>
  <testcase time="0" classname="Scenario: Adding two real numbers" name="Given I enter \&quot;5.3 3.6 +\&quot;"/>
  <testcase time="0" classname="Scenario: Adding two real numbers" name="When I get the result"/>
  <testcase time="0" classname="Scenario: Adding two real numbers" name="Then the calculator returns \&quot;8.9\&quot;">
    <failure message="expected:&lt;[8.9]&gt; but was:&lt;[call the rpncalculator here]&gt;" type="org.junit.ComparisonFailure">org.junit.ComparisonFailure: expected:&lt;[8.9]&gt; but was:&lt;[call the rpncalculator here]&gt;
	at org.junit.Assert.assertEquals(Assert.java:115)
	at org.junit.Assert.assertEquals(Assert.java:144)
	at calc.web.sample.cucumber.RpnCalculatorStepdefs.assert_returned_value(RpnCalculatorStepdefs.java:52)
	at ✽.Then the calculator returns &quot;8.9&quot;(calc/web/sample/cucumber/rpncalculator.feature:43)
</failure>
  </testcase>
  <testcase time="0" classname="Scenario: Adding two real numbers" name="Scenario: Adding two real numbers">
    <failure message="expected:&lt;[8.9]&gt; but was:&lt;[call the rpncalculator here]&gt;" type="org.junit.ComparisonFailure">org.junit.ComparisonFailure: expected:&lt;[8.9]&gt; but was:&lt;[call the rpncalculator here]&gt;
	at org.junit.Assert.assertEquals(Assert.java:115)
	at org.junit.Assert.assertEquals(Assert.java:144)
	at calc.web.sample.cucumber.RpnCalculatorStepdefs.assert_returned_value(RpnCalculatorStepdefs.java:52)
	at ✽.Then the calculator returns &quot;8.9&quot;(calc/web/sample/cucumber/rpncalculator.feature:43)
</failure>
  </testcase>
  <testcase time="0" classname="Scenario: Subtracting two real numbers" name="Given I enter \&quot;5.3 3.6 -\&quot;"/>
  <testcase time="0" classname="Scenario: Subtracting two real numbers" name="When I get the result"/>
  <testcase time="0" classname="Scenario: Subtracting two real numbers" name="Then the calculator returns \&quot;1.7\&quot;">
    <failure message="expected:&lt;[1.7]&gt; but was:&lt;[call the rpncalculator here]&gt;" type="org.junit.ComparisonFailure">org.junit.ComparisonFailure: expected:&lt;[1.7]&gt; but was:&lt;[call the rpncalculator here]&gt;
	at org.junit.Assert.assertEquals(Assert.java:115)
	at org.junit.Assert.assertEquals(Assert.java:144)
	at calc.web.sample.cucumber.RpnCalculatorStepdefs.assert_returned_value(RpnCalculatorStepdefs.java:52)
	at ✽.Then the calculator returns &quot;1.7&quot;(calc/web/sample/cucumber/rpncalculator.feature:48)
</failure>
  </testcase>
  <testcase time="0.001" classname="Scenario: Subtracting two real numbers" name="Scenario: Subtracting two real numbers">
    <failure message="expected:&lt;[1.7]&gt; but was:&lt;[call the rpncalculator here]&gt;" type="org.junit.ComparisonFailure">org.junit.ComparisonFailure: expected:&lt;[1.7]&gt; but was:&lt;[call the rpncalculator here]&gt;
	at org.junit.Assert.assertEquals(Assert.java:115)
	at org.junit.Assert.assertEquals(Assert.java:144)
	at calc.web.sample.cucumber.RpnCalculatorStepdefs.assert_returned_value(RpnCalculatorStepdefs.java:52)
	at ✽.Then the calculator returns &quot;1.7&quot;(calc/web/sample/cucumber/rpncalculator.feature:48)
</failure>
  </testcase>
  <testcase time="0" classname="Scenario: Multiplying two real numbers" name="Given I enter \&quot;5.3 3.6 *\&quot;"/>
  <testcase time="0" classname="Scenario: Multiplying two real numbers" name="When I get the result"/>
  <testcase time="0" classname="Scenario: Multiplying two real numbers" name="Then the calculator returns \&quot;19.08\&quot;">
    <failure message="expected:&lt;[19.08]&gt; but was:&lt;[call the rpncalculator here]&gt;" type="org.junit.ComparisonFailure">org.junit.ComparisonFailure: expected:&lt;[19.08]&gt; but was:&lt;[call the rpncalculator here]&gt;
	at org.junit.Assert.assertEquals(Assert.java:115)
	at org.junit.Assert.assertEquals(Assert.java:144)
	at calc.web.sample.cucumber.RpnCalculatorStepdefs.assert_returned_value(RpnCalculatorStepdefs.java:52)
	at ✽.Then the calculator returns &quot;19.08&quot;(calc/web/sample/cucumber/rpncalculator.feature:53)
</failure>
  </testcase>
  <testcase time="0" classname="Scenario: Multiplying two real numbers" name="Scenario: Multiplying two real numbers">
    <failure message="expected:&lt;[19.08]&gt; but was:&lt;[call the rpncalculator here]&gt;" type="org.junit.ComparisonFailure">org.junit.ComparisonFailure: expected:&lt;[19.08]&gt; but was:&lt;[call the rpncalculator here]&gt;
	at org.junit.Assert.assertEquals(Assert.java:115)
	at org.junit.Assert.assertEquals(Assert.java:144)
	at calc.web.sample.cucumber.RpnCalculatorStepdefs.assert_returned_value(RpnCalculatorStepdefs.java:52)
	at ✽.Then the calculator returns &quot;19.08&quot;(calc/web/sample/cucumber/rpncalculator.feature:53)
</failure>
  </testcase>
  <testcase time="0" classname="Scenario: Dividing two real numbers" name="Given I enter \&quot;54.75 13.6 \/\&quot;"/>
  <testcase time="0" classname="Scenario: Dividing two real numbers" name="When I get the result"/>
  <testcase time="0" classname="Scenario: Dividing two real numbers" name="Then the calculator returns \&quot;4.0257\&quot; plus or minus \&quot;0.0005\&quot;">
    <skipped/>
  </testcase>
  <testcase time="0" classname="Scenario: Dividing two real numbers" name="Scenario: Dividing two real numbers">
    <skipped/>
  </testcase>
  <testcase time="0" classname="Scenario: Dividing two real numbers" name="Scenario: Dividing two real numbers"/>
  <testcase time="0" classname="Scenario: Exponentiation - real number" name="Given I enter \&quot;5.5 3 ^\&quot;"/>
  <testcase time="0" classname="Scenario: Exponentiation - real number" name="When I get the result"/>
  <testcase time="0" classname="Scenario: Exponentiation - real number" name="Then the calculator returns \&quot;166.375\&quot; plus or minus \&quot;0.0005\&quot;">
    <skipped/>
  </testcase>
  <testcase time="0" classname="Scenario: Exponentiation - real number" name="Scenario: Exponentiation - real number">
    <skipped/>
  </testcase>
  <testcase time="0" classname="Scenario: Exponentiation - real number" name="Scenario: Exponentiation - real number"/>
  <testcase time="0" classname="Scenario: Clearing memory" name="Given I enter \&quot;2\&quot;"/>
  <testcase time="0" classname="Scenario: Clearing memory" name="When I get the result"/>
  <testcase time="0" classname="Scenario: Clearing memory" name="Then the calculator returns \&quot;2\&quot;">
    <failure message="expected:&lt;[2]&gt; but was:&lt;[call the rpncalculator here]&gt;" type="org.junit.ComparisonFailure">org.junit.ComparisonFailure: expected:&lt;[2]&gt; but was:&lt;[call the rpncalculator here]&gt;
	at org.junit.Assert.assertEquals(Assert.java:115)
	at org.junit.Assert.assertEquals(Assert.java:144)
	at calc.web.sample.cucumber.RpnCalculatorStepdefs.assert_returned_value(RpnCalculatorStepdefs.java:52)
	at ✽.Then the calculator returns &quot;2&quot;(calc/web/sample/cucumber/rpncalculator.feature:68)
</failure>
  </testcase>
  <testcase time="0" classname="Scenario: Clearing memory" name="Scenario: Clearing memory">
    <failure message="expected:&lt;[2]&gt; but was:&lt;[call the rpncalculator here]&gt;" type="org.junit.ComparisonFailure">org.junit.ComparisonFailure: expected:&lt;[2]&gt; but was:&lt;[call the rpncalculator here]&gt;
	at org.junit.Assert.assertEquals(Assert.java:115)
	at org.junit.Assert.assertEquals(Assert.java:144)
	at calc.web.sample.cucumber.RpnCalculatorStepdefs.assert_returned_value(RpnCalculatorStepdefs.java:52)
	at ✽.Then the calculator returns &quot;2&quot;(calc/web/sample/cucumber/rpncalculator.feature:68)
</failure>
  </testcase>
  <testcase time="0" classname="Scenario: Clearing memory" name="Given I enter \&quot;4 5 c\&quot;">
    <skipped/>
  </testcase>
  <testcase time="0.002" classname="Scenario: Clearing memory" name="When I get the result">
    <skipped/>
  </testcase>
  <testcase time="0.002" classname="Scenario: Clearing memory" name="Then the calculator returns \&quot;\&quot;">
    <skipped/>
  </testcase>
</testsuite>